<?xml version="1.0" encoding="utf-8"?><testsuites name="pytest tests"><testsuite name="pytest" errors="0" failures="0" skipped="0" tests="41" time="2.486" timestamp="2026-06-29T16:16:09.032417+00:00" hostname="agent-env-fae881fb-498a-4833-be55-4b675d7fc4d9"><testcase classname="tests.test_coveredit_backend.TestCoupons" name="test_apply_mainchar10_valid" time="0.049" /><testcase classname="tests.test_coveredit_backend.TestProducts" name="test_list_all_products" time="0.046" /><testcase classname="tests.test_coveredit_backend.TestProducts" name="test_filter_by_category_her" time="0.043" /><testcase classname="tests.test_coveredit_backend.TestCoupons" name="test_apply_mainchar10_lowercase_works" time="0.042" /><testcase classname="tests.test_coveredit_backend.TestProducts" name="test_filter_by_category_him" time="0.044" /><testcase classname="tests.test_coveredit_backend.TestCoupons" name="test_apply_mainchar10_below_minimum" time="0.042" /><testcase classname="tests.test_coveredit_backend.TestProducts" name="test_filter_by_category_collab" time="0.044" /><testcase classname="tests.test_coveredit_backend.TestCoupons" name="test_apply_invalid_coupon" time="0.043" /><testcase classname="tests.test_coveredit_backend.TestCoupons" name="test_apply_lockedin20" time="0.043" /><testcase classname="tests.test_coveredit_backend.TestProducts" name="test_filter_by_category_charms" time="0.043" /><testcase classname="tests.test_coveredit_backend.TestCoupons" name="test_list_coupons_requires_auth" time="0.002" /><testcase classname="tests.test_coveredit_backend.TestProducts" name="test_filter_by_phone_model" time="0.044" /><testcase classname="tests.test_coveredit_backend.TestProducts" name="test_search_oppo" time="0.234" /><testcase classname="tests.test_coveredit_backend.TestCoupons" name="test_list_coupons_admin" time="0.310" /><testcase classname="tests.test_coveredit_backend.TestProducts" name="test_get_product_by_id" time="0.085" /><testcase classname="tests.test_coveredit_backend.TestOrders" name="test_create_order_with_coupon_and_shipping" time="0.087" /><testcase classname="tests.test_coveredit_backend.TestProducts" name="test_create_product_requires_auth" time="0.002" /><testcase classname="tests.test_coveredit_backend.TestOrders" name="test_get_order_by_id" time="0.233" /><testcase classname="tests.test_coveredit_backend.TestProducts" name="test_create_and_delete_product" time="0.438" /><testcase classname="tests.test_coveredit_backend.TestOrders" name="test_get_nonexistent_order" time="0.042" /><testcase classname="tests.test_coveredit_backend.TestOrders" name="test_list_orders_requires_auth" time="0.002" /><testcase classname="tests.test_coveredit_backend.TestOrders" name="test_list_orders_admin" time="0.044" /><testcase classname="tests.test_coveredit_backend.TestOrders" name="test_order_low_subtotal_has_shipping" time="0.085" /><testcase classname="tests.test_coveredit_backend.TestAuth" name="test_login_success" time="0.264" /><testcase classname="tests.test_coveredit_backend.TestOrders" name="test_update_order_status" time="0.263" /><testcase classname="tests.test_coveredit_backend.TestAuth" name="test_login_wrong_password" time="0.264" /><testcase classname="tests.test_coveredit_backend.TestPhoneModels" name="test_list_phone_models" time="0.263" /><testcase classname="tests.test_coveredit_backend.TestAuth" name="test_login_unknown_user" time="0.043" /><testcase classname="tests.test_coveredit_backend.TestPhoneModels" name="test_search_phone_models" time="0.043" /><testcase classname="tests.test_coveredit_backend.TestAuth" name="test_auth_me_bearer" time="0.043" /><testcase classname="tests.test_coveredit_backend.TestPhoneModels" name="test_filter_by_brand" time="0.042" /><testcase classname="tests.test_coveredit_backend.TestAuth" name="test_auth_me_no_token" time="0.002" /><testcase classname="tests.test_coveredit_backend.TestPhoneModels" name="test_create_phone_model_requires_auth" time="0.002" /><testcase classname="tests.test_coveredit_backend.TestAnalytics" name="test_summary_requires_auth" time="0.002" /><testcase classname="tests.test_coveredit_backend.TestPhoneModels" name="test_create_update_delete_model" time="0.131" /><testcase classname="tests.test_coveredit_backend.TestAnalytics" name="test_summary" time="0.050" /><testcase classname="tests.test_coveredit_backend.TestAnalytics" name="test_customers" time="0.044" /><testcase classname="tests.test_coveredit_backend.TestSettingsReels" name="test_get_settings" time="0.043" /><testcase classname="tests.test_coveredit_backend.TestWebhooks" name="test_shiprocket_webhook" time="0.171" /><testcase classname="tests.test_coveredit_backend.TestSettingsReels" name="test_list_reels" time="0.044" /><testcase classname="tests.test_coveredit_backend.TestSettingsReels" name="test_create_reel_requires_auth" time="0.002" /></testsuite></testsuites>